localrules directive specifies rules that are not present in the Snakefile:
	pbrun_haplotypecaller_single
	pbrun_genotypegvcf
	pbrun_fq2bam
	pbrun_haplotypecaller_cohort

Building DAG of jobs...
Creating conda environment https:/github.com/snakemake/snakemake-wrappers/raw/0.64.0/bio/fastqc/environment.yaml...
Downloading and installing remote packages.
Environment for ../../../../../../../tmp/tmpbmrofsvx.yaml created (location: .snakemake/conda/5b10a20b)
Creating conda environment envs/bwa.yaml...
Downloading and installing remote packages.
Environment for envs/bwa.yaml created (location: .snakemake/conda/cd42ec24)
Creating conda environment envs/gatk4.yaml...
Downloading and installing remote packages.
Environment for envs/gatk4.yaml created (location: .snakemake/conda/bb1174eb)
Creating conda environment envs/multiqc.yaml...
Downloading and installing remote packages.
Environment for envs/multiqc.yaml created (location: .snakemake/conda/b097ea27)
Creating conda environment envs/trim_galore.yaml...
Downloading and installing remote packages.
Environment for envs/trim_galore.yaml created (location: .snakemake/conda/7a538c8c)
Using shell: /bin/bash
Provided cores: 1 (use --cores to define parallelism)
Rules claiming more threads will be scaled down.
Provided resources: gpu=2
Job counts:
	count	jobs
	1	all
	1	bwa_mem
	1	fastqc
	1	gatk_ApplyBQSR
	1	gatk_BaseRecalibrator
	1	gatk_HaplotypeCaller_single
	1	gatk_MarkDuplicates
	1	multiqc
	1	trim_galore_pe
	9

[Fri Sep 11 15:03:42 2020]
Job 4: Undertaking quality control checks on raw sequence data for ../../fastq/NIST7035_NIST_1.fastq.gz ../../fastq/NIST7035_NIST_2.fastq.gz

Activating conda environment: /store/lkemp/resource_benchmarking/resource_bench_01_thread/single/human_genomics_pipeline/workflow/.snakemake/conda/5b10a20b
Activating conda environment: /store/lkemp/resource_benchmarking/resource_bench_01_thread/single/human_genomics_pipeline/workflow/.snakemake/conda/5b10a20b
Activating conda environment: /store/lkemp/resource_benchmarking/resource_bench_01_thread/single/human_genomics_pipeline/workflow/.snakemake/conda/5b10a20b
Activating conda environment: /store/lkemp/resource_benchmarking/resource_bench_01_thread/single/human_genomics_pipeline/workflow/.snakemake/conda/5b10a20b
Activating conda environment: /store/lkemp/resource_benchmarking/resource_bench_01_thread/single/human_genomics_pipeline/workflow/.snakemake/conda/5b10a20b
Activating conda environment: /store/lkemp/resource_benchmarking/resource_bench_01_thread/single/human_genomics_pipeline/workflow/.snakemake/conda/5b10a20b
[Fri Sep 11 15:18:13 2020]
Finished job 4.
1 of 9 steps (11%) done

[Fri Sep 11 15:18:13 2020]
Job 5: Applying quality and adapter trimming to input fastq files: ../../fastq/NIST7035_NIST_1.fastq.gz ../../fastq/NIST7035_NIST_2.fastq.gz

Activating conda environment: /store/lkemp/resource_benchmarking/resource_bench_01_thread/single/human_genomics_pipeline/workflow/.snakemake/conda/7a538c8c
Activating conda environment: /store/lkemp/resource_benchmarking/resource_bench_01_thread/single/human_genomics_pipeline/workflow/.snakemake/conda/7a538c8c
Activating conda environment: /store/lkemp/resource_benchmarking/resource_bench_01_thread/single/human_genomics_pipeline/workflow/.snakemake/conda/7a538c8c
[Fri Sep 11 18:56:18 2020]
Finished job 5.
2 of 9 steps (22%) done

[Fri Sep 11 18:56:18 2020]
Job 8: Mapping sequences against a reference human genome with BWA-MEM for ../results/trimmed/NIST7035_NIST_1_val_1.fq.gz ../results/trimmed/NIST7035_NIST_2_val_2.fq.gz

Activating conda environment: /store/lkemp/resource_benchmarking/resource_bench_01_thread/single/human_genomics_pipeline/workflow/.snakemake/conda/cd42ec24
Activating conda environment: /store/lkemp/resource_benchmarking/resource_bench_01_thread/single/human_genomics_pipeline/workflow/.snakemake/conda/cd42ec24
Activating conda environment: /store/lkemp/resource_benchmarking/resource_bench_01_thread/single/human_genomics_pipeline/workflow/.snakemake/conda/cd42ec24
Removing temporary output file ../results/trimmed/NIST7035_NIST_1_val_1.fq.gz.
Removing temporary output file ../results/trimmed/NIST7035_NIST_2_val_2.fq.gz.
[Sat Sep 12 11:36:20 2020]
Finished job 8.
3 of 9 steps (33%) done

[Sat Sep 12 11:36:20 2020]
Job 6: Locating and tagging duplicate reads in ../results/mapped/NIST7035_NIST_sorted.bam

Activating conda environment: /store/lkemp/resource_benchmarking/resource_bench_01_thread/single/human_genomics_pipeline/workflow/.snakemake/conda/bb1174eb
Activating conda environment: /store/lkemp/resource_benchmarking/resource_bench_01_thread/single/human_genomics_pipeline/workflow/.snakemake/conda/bb1174eb
Activating conda environment: /store/lkemp/resource_benchmarking/resource_bench_01_thread/single/human_genomics_pipeline/workflow/.snakemake/conda/bb1174eb
Removing temporary output file ../results/mapped/NIST7035_NIST_sorted.bam.
[Sat Sep 12 12:35:28 2020]
Finished job 6.
4 of 9 steps (44%) done

[Sat Sep 12 12:35:28 2020]
Job 7: Generating a recalibration table for ../results/mapped/NIST7035_NIST_sorted_mkdups.bam

Activating conda environment: /store/lkemp/resource_benchmarking/resource_bench_01_thread/single/human_genomics_pipeline/workflow/.snakemake/conda/bb1174eb
Activating conda environment: /store/lkemp/resource_benchmarking/resource_bench_01_thread/single/human_genomics_pipeline/workflow/.snakemake/conda/bb1174eb
Activating conda environment: /store/lkemp/resource_benchmarking/resource_bench_01_thread/single/human_genomics_pipeline/workflow/.snakemake/conda/bb1174eb
[Sat Sep 12 14:18:29 2020]
Finished job 7.
5 of 9 steps (56%) done

[Sat Sep 12 14:18:29 2020]
Job 2: Applying base quality score recalibration and producing a recalibrated BAM file for ../results/mapped/NIST7035_NIST_sorted_mkdups.bam

Activating conda environment: /store/lkemp/resource_benchmarking/resource_bench_01_thread/single/human_genomics_pipeline/workflow/.snakemake/conda/bb1174eb
Activating conda environment: /store/lkemp/resource_benchmarking/resource_bench_01_thread/single/human_genomics_pipeline/workflow/.snakemake/conda/bb1174eb
Activating conda environment: /store/lkemp/resource_benchmarking/resource_bench_01_thread/single/human_genomics_pipeline/workflow/.snakemake/conda/bb1174eb
Activating conda environment: /store/lkemp/resource_benchmarking/resource_bench_01_thread/single/human_genomics_pipeline/workflow/.snakemake/conda/bb1174eb
Activating conda environment: /store/lkemp/resource_benchmarking/resource_bench_01_thread/single/human_genomics_pipeline/workflow/.snakemake/conda/bb1174eb
Activating conda environment: /store/lkemp/resource_benchmarking/resource_bench_01_thread/single/human_genomics_pipeline/workflow/.snakemake/conda/bb1174eb
Write-protecting output file ../results/mapped/NIST7035_NIST_recalibrated.bam.
Removing temporary output file ../results/mapped/NIST7035_NIST_sorted_mkdups.bam.
[Sat Sep 12 15:19:33 2020]
Finished job 2.
6 of 9 steps (67%) done

[Sat Sep 12 15:19:33 2020]
Job 3: Calling germline SNPs and indels via local re-assembly of haplotypes for ../results/mapped/NIST7035_NIST_recalibrated.bam

Activating conda environment: /store/lkemp/resource_benchmarking/resource_bench_01_thread/single/human_genomics_pipeline/workflow/.snakemake/conda/bb1174eb
Activating conda environment: /store/lkemp/resource_benchmarking/resource_bench_01_thread/single/human_genomics_pipeline/workflow/.snakemake/conda/bb1174eb
Activating conda environment: /store/lkemp/resource_benchmarking/resource_bench_01_thread/single/human_genomics_pipeline/workflow/.snakemake/conda/bb1174eb
Write-protecting output file ../results/called/NIST7035_NIST_raw_snps_indels.vcf.
[Sun Sep 13 00:22:59 2020]
Finished job 3.
7 of 9 steps (78%) done

[Sun Sep 13 00:22:59 2020]
Job 1: Compiling a HTML report for quality control checks on raw sequence data

Activating conda environment: /store/lkemp/resource_benchmarking/resource_bench_01_thread/single/human_genomics_pipeline/workflow/.snakemake/conda/b097ea27
[Sun Sep 13 00:23:10 2020]
Finished job 1.
8 of 9 steps (89%) done

[Sun Sep 13 00:23:10 2020]
localrule all:
    input: ../results/qc/multiqc_report.html, ../results/mapped/NIST7035_NIST_recalibrated.bam, ../results/called/NIST7035_NIST_raw_snps_indels.vcf
    jobid: 0

[Sun Sep 13 00:23:10 2020]
Finished job 0.
9 of 9 steps (100%) done
Complete log: /store/lkemp/resource_benchmarking/resource_bench_01_thread/single/human_genomics_pipeline/workflow/.snakemake/log/2020-09-11T150155.723697.snakemake.log
