localrules directive specifies rules that are not present in the Snakefile:
	pbrun_genotypegvcf
	pbrun_fq2bam
	pbrun_haplotypecaller_single
	pbrun_haplotypecaller_cohort

Building DAG of jobs...
Creating conda environment envs/bwa.yaml...
Downloading and installing remote packages.
Environment for envs/bwa.yaml created (location: .snakemake/conda/58b549b6)
Creating conda environment envs/multiqc.yaml...
Downloading and installing remote packages.
Environment for envs/multiqc.yaml created (location: .snakemake/conda/a76241e9)
Creating conda environment https:/github.com/snakemake/snakemake-wrappers/raw/0.64.0/bio/fastqc/environment.yaml...
Downloading and installing remote packages.
Environment for ../../../../../../../tmp/tmp6jyn4pov.yaml created (location: .snakemake/conda/adf2c9fd)
Creating conda environment envs/gatk4.yaml...
Downloading and installing remote packages.
Environment for envs/gatk4.yaml created (location: .snakemake/conda/bb402f1e)
Creating conda environment envs/trim_galore.yaml...
Downloading and installing remote packages.
Environment for envs/trim_galore.yaml created (location: .snakemake/conda/ac6485f8)
Using shell: /bin/bash
Provided cores: 16
Rules claiming more threads will be scaled down.
Provided resources: gpu=2
Job counts:
	count	jobs
	1	all
	1	bwa_mem
	1	fastqc
	1	gatk_ApplyBQSR
	1	gatk_BaseRecalibrator
	1	gatk_HaplotypeCaller_single
	1	gatk_MarkDuplicates
	1	multiqc
	1	trim_galore_pe
	9

[Fri Sep 11 15:15:27 2020]
Job 4: Undertaking quality control checks on raw sequence data for ../../fastq/NIST7035_NIST_1.fastq.gz ../../fastq/NIST7035_NIST_2.fastq.gz

Activating conda environment: /store/lkemp/resource_benchmarking/resource_bench_16_thread/single/human_genomics_pipeline/workflow/.snakemake/conda/adf2c9fd
Activating conda environment: /store/lkemp/resource_benchmarking/resource_bench_16_thread/single/human_genomics_pipeline/workflow/.snakemake/conda/adf2c9fd
Activating conda environment: /store/lkemp/resource_benchmarking/resource_bench_16_thread/single/human_genomics_pipeline/workflow/.snakemake/conda/adf2c9fd
Activating conda environment: /store/lkemp/resource_benchmarking/resource_bench_16_thread/single/human_genomics_pipeline/workflow/.snakemake/conda/adf2c9fd
Activating conda environment: /store/lkemp/resource_benchmarking/resource_bench_16_thread/single/human_genomics_pipeline/workflow/.snakemake/conda/adf2c9fd
Activating conda environment: /store/lkemp/resource_benchmarking/resource_bench_16_thread/single/human_genomics_pipeline/workflow/.snakemake/conda/adf2c9fd
[Fri Sep 11 15:32:18 2020]
Finished job 4.
1 of 9 steps (11%) done

[Fri Sep 11 15:32:18 2020]
Job 5: Applying quality and adapter trimming to input fastq files: ../../fastq/NIST7035_NIST_1.fastq.gz ../../fastq/NIST7035_NIST_2.fastq.gz

Activating conda environment: /store/lkemp/resource_benchmarking/resource_bench_16_thread/single/human_genomics_pipeline/workflow/.snakemake/conda/ac6485f8
Activating conda environment: /store/lkemp/resource_benchmarking/resource_bench_16_thread/single/human_genomics_pipeline/workflow/.snakemake/conda/ac6485f8
Activating conda environment: /store/lkemp/resource_benchmarking/resource_bench_16_thread/single/human_genomics_pipeline/workflow/.snakemake/conda/ac6485f8
[Fri Sep 11 16:12:29 2020]
Finished job 5.
2 of 9 steps (22%) done

[Fri Sep 11 16:12:29 2020]
Job 8: Mapping sequences against a reference human genome with BWA-MEM for ../results/trimmed/NIST7035_NIST_1_val_1.fq.gz ../results/trimmed/NIST7035_NIST_2_val_2.fq.gz

Activating conda environment: /store/lkemp/resource_benchmarking/resource_bench_16_thread/single/human_genomics_pipeline/workflow/.snakemake/conda/58b549b6
Activating conda environment: /store/lkemp/resource_benchmarking/resource_bench_16_thread/single/human_genomics_pipeline/workflow/.snakemake/conda/58b549b6
Activating conda environment: /store/lkemp/resource_benchmarking/resource_bench_16_thread/single/human_genomics_pipeline/workflow/.snakemake/conda/58b549b6
Removing temporary output file ../results/trimmed/NIST7035_NIST_2_val_2.fq.gz.
Removing temporary output file ../results/trimmed/NIST7035_NIST_1_val_1.fq.gz.
[Fri Sep 11 18:50:20 2020]
Finished job 8.
3 of 9 steps (33%) done

[Fri Sep 11 18:50:20 2020]
Job 1: Compiling a HTML report for quality control checks on raw sequence data


[Fri Sep 11 18:50:21 2020]
Job 6: Locating and tagging duplicate reads in ../results/mapped/NIST7035_NIST_sorted.bam

Activating conda environment: /store/lkemp/resource_benchmarking/resource_bench_16_thread/single/human_genomics_pipeline/workflow/.snakemake/conda/a76241e9
Activating conda environment: /store/lkemp/resource_benchmarking/resource_bench_16_thread/single/human_genomics_pipeline/workflow/.snakemake/conda/bb402f1e
[Fri Sep 11 18:50:38 2020]
Finished job 1.
4 of 9 steps (44%) done
Activating conda environment: /store/lkemp/resource_benchmarking/resource_bench_16_thread/single/human_genomics_pipeline/workflow/.snakemake/conda/bb402f1e
Activating conda environment: /store/lkemp/resource_benchmarking/resource_bench_16_thread/single/human_genomics_pipeline/workflow/.snakemake/conda/bb402f1e
Removing temporary output file ../results/mapped/NIST7035_NIST_sorted.bam.
[Fri Sep 11 19:50:35 2020]
Finished job 6.
5 of 9 steps (56%) done

[Fri Sep 11 19:50:35 2020]
Job 7: Generating a recalibration table for ../results/mapped/NIST7035_NIST_sorted_mkdups.bam

Activating conda environment: /store/lkemp/resource_benchmarking/resource_bench_16_thread/single/human_genomics_pipeline/workflow/.snakemake/conda/bb402f1e
Activating conda environment: /store/lkemp/resource_benchmarking/resource_bench_16_thread/single/human_genomics_pipeline/workflow/.snakemake/conda/bb402f1e
Activating conda environment: /store/lkemp/resource_benchmarking/resource_bench_16_thread/single/human_genomics_pipeline/workflow/.snakemake/conda/bb402f1e
[Fri Sep 11 22:07:51 2020]
Finished job 7.
6 of 9 steps (67%) done

[Fri Sep 11 22:07:51 2020]
Job 2: Applying base quality score recalibration and producing a recalibrated BAM file for ../results/mapped/NIST7035_NIST_sorted_mkdups.bam

Activating conda environment: /store/lkemp/resource_benchmarking/resource_bench_16_thread/single/human_genomics_pipeline/workflow/.snakemake/conda/bb402f1e
Activating conda environment: /store/lkemp/resource_benchmarking/resource_bench_16_thread/single/human_genomics_pipeline/workflow/.snakemake/conda/bb402f1e
Activating conda environment: /store/lkemp/resource_benchmarking/resource_bench_16_thread/single/human_genomics_pipeline/workflow/.snakemake/conda/bb402f1e
Activating conda environment: /store/lkemp/resource_benchmarking/resource_bench_16_thread/single/human_genomics_pipeline/workflow/.snakemake/conda/bb402f1e
Activating conda environment: /store/lkemp/resource_benchmarking/resource_bench_16_thread/single/human_genomics_pipeline/workflow/.snakemake/conda/bb402f1e
Activating conda environment: /store/lkemp/resource_benchmarking/resource_bench_16_thread/single/human_genomics_pipeline/workflow/.snakemake/conda/bb402f1e
Write-protecting output file ../results/mapped/NIST7035_NIST_recalibrated.bam.
Removing temporary output file ../results/mapped/NIST7035_NIST_sorted_mkdups.bam.
[Fri Sep 11 23:20:34 2020]
Finished job 2.
7 of 9 steps (78%) done

[Fri Sep 11 23:20:34 2020]
Job 3: Calling germline SNPs and indels via local re-assembly of haplotypes for ../results/mapped/NIST7035_NIST_recalibrated.bam

Activating conda environment: /store/lkemp/resource_benchmarking/resource_bench_16_thread/single/human_genomics_pipeline/workflow/.snakemake/conda/bb402f1e
Activating conda environment: /store/lkemp/resource_benchmarking/resource_bench_16_thread/single/human_genomics_pipeline/workflow/.snakemake/conda/bb402f1e
Activating conda environment: /store/lkemp/resource_benchmarking/resource_bench_16_thread/single/human_genomics_pipeline/workflow/.snakemake/conda/bb402f1e
Write-protecting output file ../results/called/NIST7035_NIST_raw_snps_indels.vcf.
[Sat Sep 12 09:46:37 2020]
Finished job 3.
8 of 9 steps (89%) done

[Sat Sep 12 09:46:37 2020]
localrule all:
    input: ../results/qc/multiqc_report.html, ../results/mapped/NIST7035_NIST_recalibrated.bam, ../results/called/NIST7035_NIST_raw_snps_indels.vcf
    jobid: 0

[Sat Sep 12 09:46:37 2020]
Finished job 0.
9 of 9 steps (100%) done
Complete log: /store/lkemp/resource_benchmarking/resource_bench_16_thread/single/human_genomics_pipeline/workflow/.snakemake/log/2020-09-11T151400.870069.snakemake.log
